<?xml version="1.0" encoding="UTF-8"?>
<!-- Generated by org.testng.reporters.JUnitReportReporter -->
<testsuite hostname="DESKTOP-JQLCBTF" failures="0" tests="3" name="javaPractice.stringPrograms.ReverseTheSentence" time="0.034" errors="0" timestamp="2023-11-06T10:06:45 IST" skipped="0">
  <testcase classname="javaPractice.stringPrograms.ReverseTheSentence" name="reverseWithSpace" time="0.004"/>
  <system-out/>
  <testcase classname="javaPractice.stringPrograms.ReverseTheSentence" name="test" time="0.007"/>
  <system-out/>
  <testcase classname="javaPractice.stringPrograms.ReverseTheSentence" name="minNo1st" time="0.023"/>
  <system-out/>
</testsuite> <!-- javaPractice.stringPrograms.ReverseTheSentence -->
