<?xml version="1.0" encoding="UTF-8"?>
<!-- Generated by org.testng.reporters.JUnitReportReporter -->
<testsuite hostname="DESKTOP-JQLCBTF" failures="0" tests="1" name="javaPractice.arrayPrograms.ZigZagProgram" time="0.022" errors="0" timestamp="2023-11-13T11:05:38 IST" skipped="0">
  <testcase classname="javaPractice.arrayPrograms.ZigZagProgram" name="zigZagArray" time="0.022"/>
  <system-out/>
</testsuite> <!-- javaPractice.arrayPrograms.ZigZagProgram -->
